        -:    0:Source:A:/Take/Prac_5/COS214_Prac5/Light.cpp
        -:    0:Graph:A:\Take\Prac_5\COS214_Prac5\cmake-build-debug-coverage\CMakeFiles\COS214_Prac5.dir\Light.cpp.gcno
        -:    0:Data:A:\Take\Prac_5\COS214_Prac5\cmake-build-debug-coverage\CMakeFiles\COS214_Prac5.dir\Light.cpp.gcda
        -:    0:Runs:1
        -:    1://
        -:    2:// Created by rhula on 9/25/2024.
        -:    3://
        -:    4:
        -:    5:#include "Light.h"
        -:    6:
function _ZN5LightC2Ev called 4 returned 100% blocks executed 80%
        4:    7:Light::Light() {
        4:    7-block  0
call    0 returned 4
        4:    8:    status = "off";
call    0 returned 4
branch  1 taken 4 (fallthrough)
branch  2 taken 0 (throw)
        4:    9:}
        4:    9-block  0
    $$$$$:    9-block  1
call    0 never executed
        -:   10:
function _ZN5Light9getStatusB5cxx11Ev called 4 returned 100% blocks executed 100%
        4:   11:std::string Light::getStatus() {
        4:   12:    return status;
        4:   12-block  0
call    0 returned 4
        -:   13:}
        -:   14:
function _ZN5Light13getDeviceTypeB5cxx11Ev called 1 returned 100% blocks executed 78%
        1:   15:std::string Light::getDeviceType() {
        1:   15-block  0
        2:   16:    return "light";
        1:   16-block  0
call    0 returned 1
branch  1 taken 1 (fallthrough)
branch  2 taken 0 (throw)
        1:   16-block  1
        -:   17:}
        -:   18:
function _ZN5Light13performActionERKNSt7__cxx1112basic_stringIcSt11char_traitsIcESaIcEEE called 15 returned 100% blocks executed 100%
       15:   19:void Light::performAction(const std::string& action) {
       15:   20:    if (action == "ToggleOn") {
       15:   20-block  0
call    0 returned 15
branch  1 taken 3 (fallthrough)
branch  2 taken 12
        3:   21:        status = "on";
        3:   21-block  0
call    0 returned 3
        3:   22:        std::cout << "Light is now ON" << std::endl;
call    0 returned 3
call    1 returned 3
       12:   23:    } else if (action == "ToggleOff") {
       12:   23-block  0
call    0 returned 12
branch  1 taken 3 (fallthrough)
branch  2 taken 9
        3:   24:        status = "off";
        3:   24-block  0
call    0 returned 3
        3:   25:        std::cout << "Light is now OFF" << std::endl;
call    0 returned 3
call    1 returned 3
        -:   26:    }
        -:   27:    else
        9:   28:        std::cout << "Unknown command" << std::endl;
        9:   28-block  0
call    0 returned 9
call    1 returned 9
       15:   29:}
function _ZN5Light6updateEv called 2 returned 100% blocks executed 69%
        2:   30:void Light::update() {
       2*:   31:    if (motionSensor && motionSensor->getmotion()) {
        2:   31-block  0
branch  0 taken 2 (fallthrough)
branch  1 taken 0
        2:   31-block  1
call    2 returned 2
branch  3 taken 2 (fallthrough)
branch  4 taken 0
        2:   31-block  2
    %%%%%:   31-block  3
        2:   31-block  4
branch  5 taken 2 (fallthrough)
branch  6 taken 0
        2:   32:        status = "on";
        2:   32-block  0
call    0 returned 2
        2:   33:        std::cout << "Light: Turning on due to detected motion." << std::endl;
call    0 returned 2
call    1 returned 2
        -:   34:    } else {
    #####:   35:        status = "off";
    %%%%%:   35-block  0
call    0 never executed
    #####:   36:        std::cout << "Light: Turning off due to no motion detected." << std::endl;
call    0 never executed
call    1 never executed
        -:   37:    }
        2:   38:}
