        -:    0:Source:A:/Take/Prac_5/COS214_Prac5/SetTemperatureCommand.h
        -:    0:Graph:A:\Take\Prac_5\COS214_Prac5\cmake-build-debug-coverage\CMakeFiles\COS214_Prac5.dir\main.cpp.gcno
        -:    0:Data:A:\Take\Prac_5\COS214_Prac5\cmake-build-debug-coverage\CMakeFiles\COS214_Prac5.dir\main.cpp.gcda
        -:    0:Runs:1
        -:    1:#ifndef PRAC_5_SETTEMPERATURECOMMAND_H
        -:    2:#define PRAC_5_SETTEMPERATURECOMMAND_H
        -:    3:
        -:    4:#include "Command.h"
        -:    5:#include "Room.h"
        -:    6:
        -:    7:/**
        -:    8: * @class SetTemperatureCommand
        -:    9: * @brief Command class to set the temperature in a specified room.
        -:   10: *
        -:   11: * This class implements the Command interface, providing a concrete command
        -:   12: * for setting the temperature in a specified room. The command encapsulates
        -:   13: * the action of adjusting the temperature, allowing it to be executed within
        -:   14: * the context of a macro routine or directly by a command invoker.
        -:   15: */
        -:   16:class SetTemperatureCommand : public Command {
        -:   17:private:
        -:   18:    Room* room; ///< Pointer to the Room where the temperature will be set.
        -:   19:    int temperature; ///< Desired temperature to set in the room.
        -:   20:
        -:   21:public:
        -:   22:    /**
        -:   23:     * @brief Constructor to initialize the command with a specific room and temperature.
        -:   24:     *
        -:   25:     * @param room Pointer to the Room object where the temperature will be set.
        -:   26:     * @param temp Desired temperature to set in the room.
        -:   27:     */
function _ZN21SetTemperatureCommandC1EP4Roomi called 1 returned 100% blocks executed 100%
        1:   28:    SetTemperatureCommand(Room* room, int temp) : room(room), temperature(temp) {}
        1:   28-block  0
call    0 returned 1
        -:   29:
        -:   30:    /**
        -:   31:     * @brief Execute the command to set the temperature in the room.
        -:   32:     *
        -:   33:     * This method overrides the pure virtual execute method from the Command
        -:   34:     * interface. It calls the performAction method on the specified room
        -:   35:     * with the action "ToggleOn". Note: The action should be updated to
        -:   36:     * actually set the temperature in the future.
        -:   37:     */
function _ZN21SetTemperatureCommand7executeEv called 2 returned 100% blocks executed 62%
        2:   38:    void execute() override {
        4:   39:        room->performAction("ToggleOn");
        2:   39-block  0
        2:   39-block  1
call    0 returned 2
branch  1 taken 2 (fallthrough)
branch  2 taken 0 (throw)
        2:   39-block  2
call    3 returned 2
branch  4 taken 2 (fallthrough)
branch  5 taken 0 (throw)
        2:   39-block  3
call    6 returned 2
    $$$$$:   39-block  4
call    7 never executed
    $$$$$:   39-block  5
        -:   40:        // Ideally, you would set the temperature here as well
        -:   41:        // This needs to be adjusted based on how you want to implement temperature setting
        2:   42:    }
        -:   43:
        -:   44:    /**
        -:   45:     * @brief Destructor for SetTemperatureCommand.
        -:   46:     *
        -:   47:     * The destructor is defined but does not perform any specific actions.
        -:   48:     */
        2:   49:    ~SetTemperatureCommand() {}
------------------
_ZN21SetTemperatureCommandD0Ev:
function _ZN21SetTemperatureCommandD0Ev called 1 returned 100% blocks executed 100%
        1:   49:    ~SetTemperatureCommand() {}
        1:   49-block  0
call    0 returned 1
call    1 returned 1
------------------
_ZN21SetTemperatureCommandD1Ev:
function _ZN21SetTemperatureCommandD1Ev called 1 returned 100% blocks executed 100%
        1:   49:    ~SetTemperatureCommand() {}
        1:   49-block  0
call    0 returned 1
------------------
        -:   50:};
        -:   51:
        -:   52:#endif // PRAC_5_SETTEMPERATURECOMMAND_H
