        -:    0:Source:C:/Users/rhula/Desktop/Rhulani/Computer Science Resources/Semester 2/COS214/Practicals/Practical5/main.cpp
        -:    0:Graph:C:\Users\rhula\Desktop\Rhulani\Computer Science Resources\Semester 2\COS214\Practicals\Practical5\cmake-build-debug-coverage\CMakeFiles\Practical5.dir\main.cpp.gcno
        -:    0:Data:C:\Users\rhula\Desktop\Rhulani\Computer Science Resources\Semester 2\COS214\Practicals\Practical5\cmake-build-debug-coverage\CMakeFiles\Practical5.dir\main.cpp.gcda
        -:    0:Runs:1
        -:    1:#include <iostream>
        -:    2:
function main called 1 returned 100% blocks executed 100%
        1:    3:int main() {
        1:    4:    std::cout << "Hello, World!" << std::endl;
        1:    4-block  0
call    0 returned 1
call    1 returned 1
        1:    5:    return 0;
        -:    6:}
