        -:    0:Source:A:/Take/Prac_5/COS214_Prac5/MotionSensor.cpp
        -:    0:Graph:A:\Take\Prac_5\COS214_Prac5\cmake-build-debug-coverage\CMakeFiles\COS214_Prac5.dir\MotionSensor.cpp.gcno
        -:    0:Data:A:\Take\Prac_5\COS214_Prac5\cmake-build-debug-coverage\CMakeFiles\COS214_Prac5.dir\MotionSensor.cpp.gcda
        -:    0:Runs:1
        -:    1:
        -:    2:#include "MotionSensor.h"
        -:    3:#include <iostream>
        -:    4:
function _ZN12MotionSensorC2Ev called 2 returned 100% blocks executed 100%
        2:    5:MotionSensor::MotionSensor() : motionDetected(false) {}
        2:    5-block  0
call    0 returned 2
        -:    6:
function _ZN12MotionSensor12detectMotionEv called 2 returned 100% blocks executed 100%
        2:    7:void MotionSensor::detectMotion() {
        2:    8:    motionDetected = true;
        2:    9:    std::cout << "Motion detected! Notifying devices..." << std::endl;
        2:    9-block  0
call    0 returned 2
call    1 returned 2
        2:   10:    notifyDevices();
call    0 returned 2
        2:   11:}
        -:   12:
function _ZN12MotionSensor11resetSensorEv called 1 returned 100% blocks executed 100%
        1:   13:void MotionSensor::resetSensor() {
        1:   14:    motionDetected = false;
        1:   15:}
function _ZN12MotionSensor9getmotionEv called 2 returned 100% blocks executed 100%
        2:   16:    bool MotionSensor::getmotion(){
        2:   17:return motionDetected;
        2:   17-block  0
        -:   18:    }
function _ZN12MotionSensor13notifyDevicesEv called 4 returned 100% blocks executed 70%
        4:   19:void MotionSensor::notifyDevices() {
        8:   20:    for (SmartDevice* device : devices) {
        4:   20-block  0
call    0 returned 4
call    1 returned 4
        4:   20-block  1
call    2 returned 4
        8:   20-block  2
call    3 returned 8
branch  4 taken 4
branch  5 taken 4 (fallthrough)
       12:   21:        device->performAction("TurnOn");
        4:   21-block  0
call    0 returned 4
branch  1 taken 4 (fallthrough)
branch  2 taken 0 (throw)
        4:   21-block  1
call    3 returned 4
branch  4 taken 4 (fallthrough)
branch  5 taken 0 (throw)
        4:   21-block  2
call    6 returned 4
call    7 returned 4
    $$$$$:   21-block  3
call    8 never executed
    $$$$$:   21-block  4
    $$$$$:   21-block  5
        -:   22:    }
        4:   23:}
        4:   23-block  0
