        -:    0:Source:A:/Take/Prac_5/COS214_Prac5/Room.cpp
        -:    0:Graph:A:\Take\Prac_5\COS214_Prac5\cmake-build-debug-coverage\CMakeFiles\COS214_Prac5.dir\Room.cpp.gcno
        -:    0:Data:A:\Take\Prac_5\COS214_Prac5\cmake-build-debug-coverage\CMakeFiles\COS214_Prac5.dir\Room.cpp.gcda
        -:    0:Runs:1
        -:    1://
        -:    2:// Created by rhula on 9/25/2024.
        -:    3://
        -:    4:#include "Room.h"
        -:    5:#include <algorithm>
function _ZN4RoomC2Ev called 0 returned 0% blocks executed 0%
    #####:    6:Room::Room() {
    %%%%%:    6-block  0
call    0 never executed
call    1 never executed
call    2 never executed
    #####:    7:    roomName = "Unknown room";
call    0 never executed
branch  1 never executed (fallthrough)
branch  2 never executed (throw)
    #####:    8:}
    %%%%%:    8-block  0
    $$$$$:    8-block  1
call    0 never executed
    $$$$$:    8-block  2
call    1 never executed
    $$$$$:    8-block  3
call    2 never executed
        -:    9:
function _ZN4RoomC2ERNSt7__cxx1112basic_stringIcSt11char_traitsIcESaIcEEE called 2 returned 100% blocks executed 55%
        2:   10:Room::Room(std::string &roomName) {
        2:   10-block  0
call    0 returned 2
call    1 returned 2
call    2 returned 2
        2:   11:    this->roomName = roomName;
call    0 returned 2
branch  1 taken 2 (fallthrough)
branch  2 taken 0 (throw)
        2:   12:}
        2:   12-block  0
    $$$$$:   12-block  1
call    0 never executed
    $$$$$:   12-block  2
call    1 never executed
    $$$$$:   12-block  3
call    2 never executed
        -:   13:
function _ZN4Room3addEP14SmartComponent called 6 returned 100% blocks executed 100%
        6:   14:void Room::add(SmartComponent *device) {
        6:   15:    this->devices.push_back(device);
        6:   15-block  0
call    0 returned 6
        6:   16:}
        -:   17:
function _ZN4Room6removeEP14SmartComponent called 0 returned 0% blocks executed 0%
    #####:   18:void Room::remove(SmartComponent *device) {
    #####:   19:    devices.erase(std::remove(devices.begin(), devices.end(), device), devices.end());
    %%%%%:   19-block  0
call    0 never executed
call    1 never executed
call    2 never executed
call    3 never executed
call    4 never executed
branch  5 never executed (fallthrough)
branch  6 never executed (throw)
    %%%%%:   19-block  1
call    7 never executed
call    8 never executed
branch  9 never executed (fallthrough)
branch 10 never executed (throw)
    $$$$$:   19-block  2
    $$$$$:   19-block  3
    $$$$$:   19-block  4
    #####:   20:}
    %%%%%:   20-block  0
        -:   21:
function _ZN4Room13performActionERKNSt7__cxx1112basic_stringIcSt11char_traitsIcESaIcEEE called 11 returned 100% blocks executed 100%
       11:   22:void Room::performAction(const std::string& action) {
       44:   23:    for (SmartComponent* device : devices) {
       11:   23-block  0
call    0 returned 11
call    1 returned 11
       33:   23-block  1
call    2 returned 33
       33:   23-block  2
call    3 returned 33
       44:   23-block  3
call    4 returned 44
branch  5 taken 33
branch  6 taken 11 (fallthrough)
       33:   24:        device->performAction(action);
call    0 returned 33
branch  1 taken 33 (fallthrough)
branch  2 taken 0 (throw)
        -:   25:    }
       11:   26:}
       11:   26-block  0
        -:   27:
function _ZN4Room9getStatusB5cxx11Ev called 1 returned 100% blocks executed 61%
        1:   28:std::string Room::getStatus() {
        1:   29:    std::string status = "Room: " + roomName + "\n";
        1:   29-block  0
call    0 returned 1
branch  1 taken 1 (fallthrough)
branch  2 taken 0 (throw)
        1:   29-block  1
call    3 returned 1
branch  4 taken 1 (fallthrough)
branch  5 taken 0 (throw)
        1:   29-block  2
call    6 returned 1
    $$$$$:   29-block  3
call    7 never executed
    $$$$$:   29-block  4
call    8 never executed
        4:   30:    for (SmartComponent* device : devices) {
call    0 returned 1
call    1 returned 1
        3:   30-block  0
call    2 returned 3
        4:   30-block  1
call    3 returned 4
branch  4 taken 3
branch  5 taken 1 (fallthrough)
        3:   31:        status += device->getStatus() + "\n";
call    0 returned 3
branch  1 taken 3 (fallthrough)
branch  2 taken 0 (throw)
        3:   31-block  0
call    3 returned 3
branch  4 taken 3 (fallthrough)
branch  5 taken 0 (throw)
        3:   31-block  1
call    6 returned 3
branch  7 taken 3 (fallthrough)
branch  8 taken 0 (throw)
        3:   31-block  2
call    9 returned 3
call   10 returned 3
call   11 returned 3
    $$$$$:   31-block  3
call   12 never executed
    $$$$$:   31-block  4
call   13 never executed
    $$$$$:   31-block  5
    $$$$$:   31-block  6
        -:   32:    }
        1:   33:    return status;
        1:   33-block  0
        1:   33-block  1
    =====:   34:}
    $$$$$:   34-block  0
call    0 never executed
        -:   35:
       2*:   36:Room::~Room() {
        8:   37:    for (SmartComponent* device : devices) {
        6:   38:        delete device;
        -:   39:    }
       2*:   40:}
------------------
_ZN4RoomD0Ev:
function _ZN4RoomD0Ev called 0 returned 0% blocks executed 0%
    #####:   36:Room::~Room() {
        -:   37:    for (SmartComponent* device : devices) {
        -:   38:        delete device;
        -:   39:    }
    #####:   40:}
    %%%%%:   40-block  0
call    0 never executed
call    1 never executed
------------------
_ZN4RoomD2Ev:
function _ZN4RoomD2Ev called 2 returned 100% blocks executed 100%
        2:   36:Room::~Room() {
        8:   37:    for (SmartComponent* device : devices) {
        2:   37-block  0
call    0 returned 2
call    1 returned 2
        6:   37-block  1
call    2 returned 6
        6:   37-block  2
call    3 returned 6
        8:   37-block  3
call    4 returned 8
branch  5 taken 6
branch  6 taken 2 (fallthrough)
        6:   38:        delete device;
branch  0 taken 6 (fallthrough)
branch  1 taken 0
        6:   38-block  0
call    2 returned 6
        -:   39:    }
        2:   40:}
        2:   40-block  0
call    0 returned 2
call    1 returned 2
call    2 returned 2
------------------
        -:   41:
        -:   42:
        -:   43:
        -:   44:
        -:   45:
