        -:    0:Source:A:/Take/Prac_5/COS214_Prac5/SmartThermostatIntegrator.cpp
        -:    0:Graph:A:\Take\Prac_5\COS214_Prac5\cmake-build-debug-coverage\CMakeFiles\COS214_Prac5.dir\SmartThermostatIntegrator.cpp.gcno
        -:    0:Data:A:\Take\Prac_5\COS214_Prac5\cmake-build-debug-coverage\CMakeFiles\COS214_Prac5.dir\SmartThermostatIntegrator.cpp.gcda
        -:    0:Runs:1
        -:    1:
        -:    2:#include "SmartThermostatIntegrator.h"
        -:    3:
function _ZN25SmartThermostatIntegratorC2EP16LegacyThermostat called 1 returned 100% blocks executed 100%
        1:    4:SmartThermostatIntegrator::SmartThermostatIntegrator(LegacyThermostat* thermostat)
        1:    5:        : legacyThermostat(thermostat) {}
        1:    5-block  0
call    0 returned 1
        -:    6:
function _ZN25SmartThermostatIntegrator14setTemperatureEi called 1 returned 100% blocks executed 100%
        1:    7:void SmartThermostatIntegrator::setTemperature(int temp) {
        1:    8:    legacyThermostat->setLegacyTemperature(temp);
        1:    8-block  0
call    0 returned 1
        1:    9:}
        -:   10:
function _ZN25SmartThermostatIntegrator14getTemperatureEv called 1 returned 100% blocks executed 100%
        1:   11:int SmartThermostatIntegrator::getTemperature() {
        1:   12:    return legacyThermostat->getLegacyTemperature();
        1:   12-block  0
call    0 returned 1
        -:   13:}
        -:   14:
function _ZN25SmartThermostatIntegrator13performActionERKNSt7__cxx1112basic_stringIcSt11char_traitsIcESaIcEEE called 0 returned 0% blocks executed 0%
    #####:   15:void SmartThermostatIntegrator::performAction(const std::string& action) {
    #####:   16:    if (action == "Increase") {
    %%%%%:   16-block  0
call    0 never executed
branch  1 never executed (fallthrough)
branch  2 never executed
    #####:   17:        setTemperature(getTemperature() + 1);
    %%%%%:   17-block  0
call    0 never executed
call    1 never executed
    #####:   18:    } else if (action == "Decrease") {
    %%%%%:   18-block  0
call    0 never executed
branch  1 never executed (fallthrough)
branch  2 never executed
    #####:   19:        setTemperature(getTemperature() - 1);
    %%%%%:   19-block  0
call    0 never executed
call    1 never executed
        -:   20:    }
    #####:   21:}
        -:   22:
        -:   23:
function _ZN25SmartThermostatIntegrator9getStatusB5cxx11Ev called 1 returned 100% blocks executed 67%
        1:   24:std::string SmartThermostatIntegrator::getStatus() {
        1:   25:    return "Temperature: " + std::to_string(getTemperature()) + "°C";
        1:   25-block  0
call    0 returned 1
branch  1 taken 1 (fallthrough)
branch  2 taken 0 (throw)
        1:   25-block  1
call    3 returned 1
call    4 returned 1
branch  5 taken 1 (fallthrough)
branch  6 taken 0 (throw)
        1:   25-block  2
call    7 returned 1
branch  8 taken 1 (fallthrough)
branch  9 taken 0 (throw)
        1:   25-block  3
        1:   25-block  4
call   10 returned 1
call   11 returned 1
        1:   25-block  5
    $$$$$:   25-block  6
call   12 never executed
    $$$$$:   25-block  7
call   13 never executed
    $$$$$:   25-block  8
        -:   26:}
        -:   27:
function _ZN25SmartThermostatIntegrator13getDeviceTypeB5cxx11Ev called 0 returned 0% blocks executed 0%
    #####:   28:std::string SmartThermostatIntegrator::getDeviceType() {
    %%%%%:   28-block  0
    #####:   29:    return "SmartThermostat";
    %%%%%:   29-block  0
call    0 never executed
branch  1 never executed (fallthrough)
branch  2 never executed (throw)
    %%%%%:   29-block  1
        -:   30:}
