        -:    0:Source:A:/Take/Prac_5/COS214_Prac5/Thermostat.cpp
        -:    0:Graph:A:\Take\Prac_5\COS214_Prac5\cmake-build-debug-coverage\CMakeFiles\COS214_Prac5.dir\Thermostat.cpp.gcno
        -:    0:Data:A:\Take\Prac_5\COS214_Prac5\cmake-build-debug-coverage\CMakeFiles\COS214_Prac5.dir\Thermostat.cpp.gcda
        -:    0:Runs:1
        -:    1://
        -:    2:// Created by rhula on 9/25/2024.
        -:    3://
        -:    4:
        -:    5:#include "Thermostat.h"
function _ZN10ThermostatC2Ev called 2 returned 100% blocks executed 80%
        2:    6:Thermostat::Thermostat() {
        2:    6-block  0
call    0 returned 2
        2:    7:    temperature = 22;
        2:    8:    status = "off";
call    0 returned 2
branch  1 taken 2 (fallthrough)
branch  2 taken 0 (throw)
        2:    9:}
        2:    9-block  0
    $$$$$:    9-block  1
call    0 never executed
        -:   10:
function _ZN10Thermostat13performActionERKNSt7__cxx1112basic_stringIcSt11char_traitsIcESaIcEEE called 11 returned 100% blocks executed 92%
       11:   11:void Thermostat::performAction(const std::string& action) {
       11:   12:    if (action.find("SetTemp") != std::string::npos) {
       11:   12-block  0
call    0 returned 11
branch  1 taken 1 (fallthrough)
branch  2 taken 10
        -:   13:        // Extract the temperature from the action command (e.g., SetTemp24)
        1:   14:        temperature = stoi(action.substr(7));
        1:   14-block  0
call    0 returned 1
branch  1 taken 1 (fallthrough)
branch  2 taken 0 (throw)
        1:   14-block  1
call    3 returned 1
branch  4 taken 1 (fallthrough)
branch  5 taken 0 (throw)
        1:   14-block  2
call    6 returned 1
    $$$$$:   14-block  3
call    7 never executed
        1:   15:        std::cout << "Thermostat set to " << temperature << " degrees" << std::endl;
call    0 returned 1
call    1 returned 1
call    2 returned 1
call    3 returned 1
        -:   16:    }
       10:   17:    else if (action == "ToggleOn") {
       10:   17-block  0
call    0 returned 10
branch  1 taken 3 (fallthrough)
branch  2 taken 7
        3:   18:        status = "on";
        3:   18-block  0
call    0 returned 3
        3:   19:        std::cout << "Thermostat is now ON" << std::endl;
call    0 returned 3
call    1 returned 3
        7:   20:    } else if (action == "ToggleOff") {
        7:   20-block  0
call    0 returned 7
branch  1 taken 3 (fallthrough)
branch  2 taken 4
        3:   21:        status = "off";
        3:   21-block  0
call    0 returned 3
        3:   22:        std::cout << "Thermostat is now OFF" << std::endl;
call    0 returned 3
call    1 returned 3
        -:   23:    }
        -:   24:    else
        4:   25:        std::cout << "Unknown command" << std::endl;
        4:   25-block  0
call    0 returned 4
call    1 returned 4
       11:   26:}
       11:   26-block  0
        -:   27:
function _ZN10Thermostat9getStatusB5cxx11Ev called 1 returned 100% blocks executed 100%
        1:   28:std::string Thermostat::getStatus() {
        1:   29:    return status;
        1:   29-block  0
call    0 returned 1
        -:   30:}
        -:   31:
function _ZN10Thermostat13getDeviceTypeB5cxx11Ev called 1 returned 100% blocks executed 78%
        1:   32:std::string Thermostat::getDeviceType() {
        1:   32-block  0
        2:   33:    return "Thermostat";
        1:   33-block  0
call    0 returned 1
branch  1 taken 1 (fallthrough)
branch  2 taken 0 (throw)
        1:   33-block  1
        -:   34:}
function _ZN10Thermostat6updateEv called 0 returned 0% blocks executed 0%
    #####:   35:void Thermostat::update() {
    #####:   36:    if (temperature < 22) { // If temperature is too low
    %%%%%:   36-block  0
branch  0 never executed (fallthrough)
branch  1 never executed
    #####:   37:        if (status != "on") {
    %%%%%:   37-block  0
call    0 never executed
branch  1 never executed (fallthrough)
branch  2 never executed
    #####:   38:            status = "on";
    %%%%%:   38-block  0
call    0 never executed
    #####:   39:            std::cout << "Thermostat: Temperature is too low (" << temperature << "°C). Turning ON to heat." << std::endl;
call    0 never executed
call    1 never executed
call    2 never executed
call    3 never executed
        -:   40:        }
    #####:   41:    } else if (temperature > 32) { // If temperature is too high
    %%%%%:   41-block  0
branch  0 never executed (fallthrough)
branch  1 never executed
    #####:   42:        if (status != "on") {
    %%%%%:   42-block  0
call    0 never executed
branch  1 never executed (fallthrough)
branch  2 never executed
    #####:   43:            status = "on";
    %%%%%:   43-block  0
call    0 never executed
    #####:   44:            std::cout << "Thermostat: Temperature is too high (" << temperature << "°C). Turning ON to cool." << std::endl;
call    0 never executed
call    1 never executed
call    2 never executed
call    3 never executed
        -:   45:        }
        -:   46:    } else { // Temperature is within the comfortable range
    #####:   47:        if (status != "off") {
    %%%%%:   47-block  0
call    0 never executed
branch  1 never executed (fallthrough)
branch  2 never executed
    #####:   48:            status = "off";
    %%%%%:   48-block  0
call    0 never executed
    #####:   49:            std::cout << "Thermostat: Temperature is comfortable (" << temperature << "°C). Turning OFF." << std::endl;
call    0 never executed
call    1 never executed
call    2 never executed
call    3 never executed
        -:   50:        }
        -:   51:    }
    #####:   52:}
